c:\users\yangl\documents\borui（博瑞时代）\3、通用代码\speedmonitor\chartwidget\project\generatedfiles\release\moc_chartwidget.cpp
c:\users\yangl\documents\borui（博瑞时代）\3、通用代码\speedmonitor\chartwidget\project\generatedfiles\release\moc_staionlabel.cpp
c:\users\yangl\documents\borui（博瑞时代）\3、通用代码\speedmonitor\chartwidget\project\generatedfiles\release\moc_chartviewimp.cpp
c:\users\yangl\documents\borui（博瑞时代）\3、通用代码\speedmonitor\chartwidget\project\generatedfiles\ui_chartwidget.h
c:\users\yangl\documents\borui（博瑞时代）\3、通用代码\speedmonitor\chartwidget\project\generatedfiles\ui_staionlabel.h
c:\users\yangl\documents\borui（博瑞时代）\3、通用代码\speedmonitor\chartwidget\lib\release\chartwidget.lib
c:\users\yangl\documents\borui（博瑞时代）\3、通用代码\speedmonitor\chartwidget\lib\release\chartwidget.exp
c:\users\yangl\documents\borui（博瑞时代）\3、通用代码\speedmonitor\chartwidget\obj\release\chartwidget.obj
c:\users\yangl\documents\borui（博瑞时代）\3、通用代码\speedmonitor\chartwidget\obj\release\moc_staionlabel.obj
c:\users\yangl\documents\borui（博瑞时代）\3、通用代码\speedmonitor\chartwidget\obj\release\staionlabel.obj
c:\users\yangl\documents\borui（博瑞时代）\3、通用代码\speedmonitor\chartwidget\obj\release\moc_chartviewimp.obj
c:\users\yangl\documents\borui（博瑞时代）\3、通用代码\speedmonitor\chartwidget\obj\release\chartviewimp.obj
c:\users\yangl\documents\borui（博瑞时代）\3、通用代码\speedmonitor\chartwidget\obj\release\moc_chartwidget.obj
c:\users\yangl\documents\borui（博瑞时代）\3、通用代码\speedmonitor\chartwidget\obj\release\vc120.pdb
c:\users\yangl\documents\borui（博瑞时代）\3、通用代码\speedmonitor\chartwidget\lib\release\chartwidget.ilk
c:\users\yangl\documents\borui（博瑞时代）\3、通用代码\speedmonitor\chartwidget\lib\release\chartwidget.dll
c:\users\yangl\documents\borui（博瑞时代）\3、通用代码\speedmonitor\chartwidget\lib\release\chartwidget.pdb
c:\users\yangl\documents\borui（博瑞时代）\3、通用代码\speedmonitor\chartwidget\project\.\generatedfiles\release\moc_chartwidget.cpp
c:\users\yangl\documents\borui（博瑞时代）\3、通用代码\speedmonitor\chartwidget\project\.\generatedfiles\release\moc_staionlabel.cpp
c:\users\yangl\documents\borui（博瑞时代）\3、通用代码\speedmonitor\chartwidget\project\.\generatedfiles\release\moc_chartviewimp.cpp
c:\users\yangl\documents\borui（博瑞时代）\3、通用代码\speedmonitor\chartwidget\project\.\generatedfiles\ui_chartwidget.h
c:\users\yangl\documents\borui（博瑞时代）\3、通用代码\speedmonitor\chartwidget\project\.\generatedfiles\ui_staionlabel.h
c:\users\yangl\documents\borui（博瑞时代）\3、通用代码\speedmonitor\chartwidget\project\..\lib\release\chartwidget.pdb
c:\users\yangl\documents\borui（博瑞时代）\3、通用代码\speedmonitor\chartwidget\project\..\lib\release\chartwidget.dll
c:\users\yangl\documents\borui（博瑞时代）\3、通用代码\speedmonitor\chartwidget\project\..\lib\release\chartwidget.ilk
c:\users\yangl\documents\borui（博瑞时代）\3、通用代码\speedmonitor\chartwidget\obj\release\chartwidget.tlog\chartwidget.write.1u.tlog
c:\users\yangl\documents\borui（博瑞时代）\3、通用代码\speedmonitor\chartwidget\obj\release\chartwidget.tlog\cl.command.1.tlog
c:\users\yangl\documents\borui（博瑞时代）\3、通用代码\speedmonitor\chartwidget\obj\release\chartwidget.tlog\cl.read.1.tlog
c:\users\yangl\documents\borui（博瑞时代）\3、通用代码\speedmonitor\chartwidget\obj\release\chartwidget.tlog\cl.write.1.tlog
c:\users\yangl\documents\borui（博瑞时代）\3、通用代码\speedmonitor\chartwidget\obj\release\chartwidget.tlog\link.command.1.tlog
c:\users\yangl\documents\borui（博瑞时代）\3、通用代码\speedmonitor\chartwidget\obj\release\chartwidget.tlog\link.read.1.tlog
c:\users\yangl\documents\borui（博瑞时代）\3、通用代码\speedmonitor\chartwidget\obj\release\chartwidget.tlog\link.write.1.tlog
c:\users\yangl\documents\borui（博瑞时代）\3、通用代码\speedmonitor\chartwidget\obj\release\chartwidget.tlog\qtmoc.read.1u.tlog
c:\users\yangl\documents\borui（博瑞时代）\3、通用代码\speedmonitor\chartwidget\obj\release\chartwidget.tlog\qtmoc.write.1u.tlog
c:\users\yangl\documents\borui（博瑞时代）\3、通用代码\speedmonitor\chartwidget\obj\release\chartwidget.tlog\qtuic.read.1u.tlog
c:\users\yangl\documents\borui（博瑞时代）\3、通用代码\speedmonitor\chartwidget\obj\release\chartwidget.tlog\qtuic.write.1u.tlog
