c:\users\yangl\documents\borui（博瑞时代）\3、通用代码\speedmonitor\chartwidget\project\generatedfiles\debug\moc_chartwidget.cpp
c:\users\yangl\documents\borui（博瑞时代）\3、通用代码\speedmonitor\chartwidget\project\generatedfiles\debug\moc_staionlabel.cpp
c:\users\yangl\documents\borui（博瑞时代）\3、通用代码\speedmonitor\chartwidget\project\generatedfiles\debug\moc_chartviewimp.cpp
c:\users\yangl\documents\borui（博瑞时代）\3、通用代码\speedmonitor\chartwidget\project\generatedfiles\ui_chartwidget.h
c:\users\yangl\documents\borui（博瑞时代）\3、通用代码\speedmonitor\chartwidget\project\generatedfiles\ui_staionlabel.h
c:\users\yangl\documents\borui（博瑞时代）\3、通用代码\speedmonitor\chartwidget\lib\debug\chartwidget_d.lib
c:\users\yangl\documents\borui（博瑞时代）\3、通用代码\speedmonitor\chartwidget\lib\debug\chartwidget_d.exp
c:\users\yangl\documents\borui（博瑞时代）\3、通用代码\speedmonitor\chartwidget\obj\debug\chartviewimp.obj
c:\users\yangl\documents\borui（博瑞时代）\3、通用代码\speedmonitor\chartwidget\obj\debug\chartwidget.obj
c:\users\yangl\documents\borui（博瑞时代）\3、通用代码\speedmonitor\chartwidget\obj\debug\moc_staionlabel.obj
c:\users\yangl\documents\borui（博瑞时代）\3、通用代码\speedmonitor\chartwidget\obj\debug\staionlabel.obj
c:\users\yangl\documents\borui（博瑞时代）\3、通用代码\speedmonitor\chartwidget\obj\debug\moc_chartviewimp.obj
c:\users\yangl\documents\borui（博瑞时代）\3、通用代码\speedmonitor\chartwidget\obj\debug\moc_chartwidget.obj
c:\users\yangl\documents\borui（博瑞时代）\3、通用代码\speedmonitor\chartwidget\obj\debug\vc120.pdb
c:\users\yangl\documents\borui（博瑞时代）\3、通用代码\speedmonitor\chartwidget\lib\debug\chartwidget_d.ilk
c:\users\yangl\documents\borui（博瑞时代）\3、通用代码\speedmonitor\chartwidget\lib\debug\chartwidget_d.dll
c:\users\yangl\documents\borui（博瑞时代）\3、通用代码\speedmonitor\chartwidget\lib\debug\chartwidget_d.pdb
c:\users\yangl\documents\borui（博瑞时代）\3、通用代码\speedmonitor\chartwidget\project\.\generatedfiles\debug\moc_chartwidget.cpp
c:\users\yangl\documents\borui（博瑞时代）\3、通用代码\speedmonitor\chartwidget\project\.\generatedfiles\debug\moc_staionlabel.cpp
c:\users\yangl\documents\borui（博瑞时代）\3、通用代码\speedmonitor\chartwidget\project\.\generatedfiles\debug\moc_chartviewimp.cpp
c:\users\yangl\documents\borui（博瑞时代）\3、通用代码\speedmonitor\chartwidget\project\.\generatedfiles\ui_chartwidget.h
c:\users\yangl\documents\borui（博瑞时代）\3、通用代码\speedmonitor\chartwidget\project\.\generatedfiles\ui_staionlabel.h
c:\users\yangl\documents\borui（博瑞时代）\3、通用代码\speedmonitor\chartwidget\obj\debug\chartwidget.res
c:\users\yangl\documents\borui（博瑞时代）\3、通用代码\speedmonitor\chartwidget\project\..\lib\debug\chartwidget_d.pdb
c:\users\yangl\documents\borui（博瑞时代）\3、通用代码\speedmonitor\chartwidget\project\..\lib\debug\chartwidget_d.dll
c:\users\yangl\documents\borui（博瑞时代）\3、通用代码\speedmonitor\chartwidget\project\..\lib\debug\chartwidget_d.ilk
c:\users\yangl\documents\borui（博瑞时代）\3、通用代码\speedmonitor\chartwidget\obj\debug\chartwidget.tlog\chartwidget.write.1u.tlog
c:\users\yangl\documents\borui（博瑞时代）\3、通用代码\speedmonitor\chartwidget\obj\debug\chartwidget.tlog\cl.command.1.tlog
c:\users\yangl\documents\borui（博瑞时代）\3、通用代码\speedmonitor\chartwidget\obj\debug\chartwidget.tlog\cl.read.1.tlog
c:\users\yangl\documents\borui（博瑞时代）\3、通用代码\speedmonitor\chartwidget\obj\debug\chartwidget.tlog\cl.write.1.tlog
c:\users\yangl\documents\borui（博瑞时代）\3、通用代码\speedmonitor\chartwidget\obj\debug\chartwidget.tlog\link.command.1.tlog
c:\users\yangl\documents\borui（博瑞时代）\3、通用代码\speedmonitor\chartwidget\obj\debug\chartwidget.tlog\link.read.1.tlog
c:\users\yangl\documents\borui（博瑞时代）\3、通用代码\speedmonitor\chartwidget\obj\debug\chartwidget.tlog\link.write.1.tlog
c:\users\yangl\documents\borui（博瑞时代）\3、通用代码\speedmonitor\chartwidget\obj\debug\chartwidget.tlog\qtmoc.read.1u.tlog
c:\users\yangl\documents\borui（博瑞时代）\3、通用代码\speedmonitor\chartwidget\obj\debug\chartwidget.tlog\qtmoc.write.1u.tlog
c:\users\yangl\documents\borui（博瑞时代）\3、通用代码\speedmonitor\chartwidget\obj\debug\chartwidget.tlog\qtuic.read.1u.tlog
c:\users\yangl\documents\borui（博瑞时代）\3、通用代码\speedmonitor\chartwidget\obj\debug\chartwidget.tlog\qtuic.write.1u.tlog
c:\users\yangl\documents\borui（博瑞时代）\3、通用代码\speedmonitor\chartwidget\obj\debug\chartwidget.tlog\rc.command.1.tlog
c:\users\yangl\documents\borui（博瑞时代）\3、通用代码\speedmonitor\chartwidget\obj\debug\chartwidget.tlog\rc.read.1.tlog
c:\users\yangl\documents\borui（博瑞时代）\3、通用代码\speedmonitor\chartwidget\obj\debug\chartwidget.tlog\rc.write.1.tlog
