c:\users\yangl\documents\borui（博瑞时代）\3、通用代码\speedmonitor\speedmonitor\obj\debug\moc_windowctrlwidget.obj
c:\users\yangl\documents\borui（博瑞时代）\3、通用代码\speedmonitor\speedmonitor\obj\debug\qrc_speedmonitor.obj
c:\users\yangl\documents\borui（博瑞时代）\3、通用代码\speedmonitor\speedmonitor\obj\debug\trainentity.obj
c:\users\yangl\documents\borui（博瑞时代）\3、通用代码\speedmonitor\speedmonitor\obj\debug\moc_networkmanager.obj
c:\users\yangl\documents\borui（博瑞时代）\3、通用代码\speedmonitor\speedmonitor\obj\debug\trainmanagement.obj
c:\users\yangl\documents\borui（博瑞时代）\3、通用代码\speedmonitor\speedmonitor\obj\debug\moc_trainmanagement.obj
c:\users\yangl\documents\borui（博瑞时代）\3、通用代码\speedmonitor\speedmonitor\obj\debug\main.obj
c:\users\yangl\documents\borui（博瑞时代）\3、通用代码\speedmonitor\speedmonitor\obj\debug\windowctrlwidget.obj
c:\users\yangl\documents\borui（博瑞时代）\3、通用代码\speedmonitor\speedmonitor\obj\debug\speedmonitor.obj
c:\users\yangl\documents\borui（博瑞时代）\3、通用代码\speedmonitor\speedmonitor\obj\debug\moc_speedmonitor.obj
c:\users\yangl\documents\borui（博瑞时代）\3、通用代码\speedmonitor\speedmonitor\obj\debug\networkmanager.obj
c:\users\yangl\documents\borui（博瑞时代）\3、通用代码\speedmonitor\speedmonitor\obj\debug\vc120.pdb
c:\users\yangl\documents\borui（博瑞时代）\3、通用代码\speedmonitor\speedmonitor\bin\debug\speedmonitor.ilk
c:\users\yangl\documents\borui（博瑞时代）\3、通用代码\speedmonitor\speedmonitor\bin\debug\speedmonitor.exe
c:\users\yangl\documents\borui（博瑞时代）\3、通用代码\speedmonitor\speedmonitor\bin\debug\speedmonitor.pdb
c:\users\yangl\documents\borui（博瑞时代）\3、通用代码\speedmonitor\speedmonitor\project\.\generatedfiles\debug\moc_speedmonitor.cpp
c:\users\yangl\documents\borui（博瑞时代）\3、通用代码\speedmonitor\speedmonitor\project\.\generatedfiles\debug\moc_windowctrlwidget.cpp
c:\users\yangl\documents\borui（博瑞时代）\3、通用代码\speedmonitor\speedmonitor\project\.\generatedfiles\debug\moc_networkmanager.cpp
c:\users\yangl\documents\borui（博瑞时代）\3、通用代码\speedmonitor\speedmonitor\project\.\generatedfiles\debug\moc_trainmanagement.cpp
c:\users\yangl\documents\borui（博瑞时代）\3、通用代码\speedmonitor\speedmonitor\project\.\generatedfiles\qrc_speedmonitor.cpp
c:\users\yangl\documents\borui（博瑞时代）\3、通用代码\speedmonitor\speedmonitor\project\.\generatedfiles\ui_speedmonitor.h
c:\users\yangl\documents\borui（博瑞时代）\3、通用代码\speedmonitor\speedmonitor\project\.\generatedfiles\ui_windowctrlwidget.h
c:\users\yangl\documents\borui（博瑞时代）\3、通用代码\speedmonitor\speedmonitor\project\generatedfiles\debug\moc_speedmonitor.cpp
c:\users\yangl\documents\borui（博瑞时代）\3、通用代码\speedmonitor\speedmonitor\project\generatedfiles\debug\moc_windowctrlwidget.cpp
c:\users\yangl\documents\borui（博瑞时代）\3、通用代码\speedmonitor\speedmonitor\project\generatedfiles\debug\moc_networkmanager.cpp
c:\users\yangl\documents\borui（博瑞时代）\3、通用代码\speedmonitor\speedmonitor\project\generatedfiles\debug\moc_trainmanagement.cpp
c:\users\yangl\documents\borui（博瑞时代）\3、通用代码\speedmonitor\speedmonitor\project\generatedfiles\qrc_speedmonitor.cpp
c:\users\yangl\documents\borui（博瑞时代）\3、通用代码\speedmonitor\speedmonitor\project\generatedfiles\ui_speedmonitor.h
c:\users\yangl\documents\borui（博瑞时代）\3、通用代码\speedmonitor\speedmonitor\project\generatedfiles\ui_windowctrlwidget.h
c:\users\yangl\documents\borui（博瑞时代）\3、通用代码\speedmonitor\speedmonitor\project\\..\bin\debug\speedmonitor.pdb
c:\users\yangl\documents\borui（博瑞时代）\3、通用代码\speedmonitor\speedmonitor\project\\..\bin\debug\speedmonitor.exe
c:\users\yangl\documents\borui（博瑞时代）\3、通用代码\speedmonitor\speedmonitor\project\\..\bin\debug\speedmonitor.ilk
c:\users\yangl\documents\borui（博瑞时代）\3、通用代码\speedmonitor\speedmonitor\obj\debug\speedmonitor.tlog\cl.command.1.tlog
c:\users\yangl\documents\borui（博瑞时代）\3、通用代码\speedmonitor\speedmonitor\obj\debug\speedmonitor.tlog\cl.read.1.tlog
c:\users\yangl\documents\borui（博瑞时代）\3、通用代码\speedmonitor\speedmonitor\obj\debug\speedmonitor.tlog\cl.write.1.tlog
c:\users\yangl\documents\borui（博瑞时代）\3、通用代码\speedmonitor\speedmonitor\obj\debug\speedmonitor.tlog\link.command.1.tlog
c:\users\yangl\documents\borui（博瑞时代）\3、通用代码\speedmonitor\speedmonitor\obj\debug\speedmonitor.tlog\link.read.1.tlog
c:\users\yangl\documents\borui（博瑞时代）\3、通用代码\speedmonitor\speedmonitor\obj\debug\speedmonitor.tlog\link.write.1.tlog
c:\users\yangl\documents\borui（博瑞时代）\3、通用代码\speedmonitor\speedmonitor\obj\debug\speedmonitor.tlog\qtmoc.read.1u.tlog
c:\users\yangl\documents\borui（博瑞时代）\3、通用代码\speedmonitor\speedmonitor\obj\debug\speedmonitor.tlog\qtmoc.write.1u.tlog
c:\users\yangl\documents\borui（博瑞时代）\3、通用代码\speedmonitor\speedmonitor\obj\debug\speedmonitor.tlog\qtrcc.read.1u.tlog
c:\users\yangl\documents\borui（博瑞时代）\3、通用代码\speedmonitor\speedmonitor\obj\debug\speedmonitor.tlog\qtrcc.write.1u.tlog
c:\users\yangl\documents\borui（博瑞时代）\3、通用代码\speedmonitor\speedmonitor\obj\debug\speedmonitor.tlog\qtuic.read.1u.tlog
c:\users\yangl\documents\borui（博瑞时代）\3、通用代码\speedmonitor\speedmonitor\obj\debug\speedmonitor.tlog\qtuic.write.1u.tlog
c:\users\yangl\documents\borui（博瑞时代）\3、通用代码\speedmonitor\speedmonitor\obj\debug\speedmonitor.tlog\speedmonitor.write.1u.tlog
