c:\users\yangl\documents\borui（博瑞时代）\3、通用代码\speedmonitor\speedmonitor\obj\release\networkmanager.obj
c:\users\yangl\documents\borui（博瑞时代）\3、通用代码\speedmonitor\speedmonitor\obj\release\speedmonitor.obj
c:\users\yangl\documents\borui（博瑞时代）\3、通用代码\speedmonitor\speedmonitor\obj\release\windowctrlwidget.obj
c:\users\yangl\documents\borui（博瑞时代）\3、通用代码\speedmonitor\speedmonitor\obj\release\qrc_speedmonitor.obj
c:\users\yangl\documents\borui（博瑞时代）\3、通用代码\speedmonitor\speedmonitor\obj\release\moc_speedmonitor.obj
c:\users\yangl\documents\borui（博瑞时代）\3、通用代码\speedmonitor\speedmonitor\obj\release\moc_toolwidget.obj
c:\users\yangl\documents\borui（博瑞时代）\3、通用代码\speedmonitor\speedmonitor\obj\release\trainentity.obj
c:\users\yangl\documents\borui（博瑞时代）\3、通用代码\speedmonitor\speedmonitor\obj\release\moc_networkmanager.obj
c:\users\yangl\documents\borui（博瑞时代）\3、通用代码\speedmonitor\speedmonitor\obj\release\main.obj
c:\users\yangl\documents\borui（博瑞时代）\3、通用代码\speedmonitor\speedmonitor\obj\release\toolwidget.obj
c:\users\yangl\documents\borui（博瑞时代）\3、通用代码\speedmonitor\speedmonitor\obj\release\moc_trainmanagement.obj
c:\users\yangl\documents\borui（博瑞时代）\3、通用代码\speedmonitor\speedmonitor\obj\release\trainmanagement.obj
c:\users\yangl\documents\borui（博瑞时代）\3、通用代码\speedmonitor\speedmonitor\obj\release\moc_windowctrlwidget.obj
c:\users\yangl\documents\borui（博瑞时代）\3、通用代码\speedmonitor\speedmonitor\bin\release\speedmonitor.exe
c:\users\yangl\documents\borui（博瑞时代）\3、通用代码\speedmonitor\speedmonitor\project\.\generatedfiles\release\moc_speedmonitor.cpp
c:\users\yangl\documents\borui（博瑞时代）\3、通用代码\speedmonitor\speedmonitor\project\.\generatedfiles\release\moc_windowctrlwidget.cpp
c:\users\yangl\documents\borui（博瑞时代）\3、通用代码\speedmonitor\speedmonitor\project\.\generatedfiles\release\moc_networkmanager.cpp
c:\users\yangl\documents\borui（博瑞时代）\3、通用代码\speedmonitor\speedmonitor\project\.\generatedfiles\release\moc_toolwidget.cpp
c:\users\yangl\documents\borui（博瑞时代）\3、通用代码\speedmonitor\speedmonitor\project\.\generatedfiles\release\moc_trainmanagement.cpp
c:\users\yangl\documents\borui（博瑞时代）\3、通用代码\speedmonitor\speedmonitor\project\.\generatedfiles\qrc_speedmonitor.cpp
c:\users\yangl\documents\borui（博瑞时代）\3、通用代码\speedmonitor\speedmonitor\project\.\generatedfiles\ui_speedmonitor.h
c:\users\yangl\documents\borui（博瑞时代）\3、通用代码\speedmonitor\speedmonitor\project\.\generatedfiles\ui_toolwidget.h
c:\users\yangl\documents\borui（博瑞时代）\3、通用代码\speedmonitor\speedmonitor\project\.\generatedfiles\ui_windowctrlwidget.h
c:\users\yangl\documents\borui（博瑞时代）\3、通用代码\speedmonitor\speedmonitor\obj\release\speedmonitor.res
c:\users\yangl\documents\borui（博瑞时代）\3、通用代码\speedmonitor\speedmonitor\project\generatedfiles\release\moc_speedmonitor.cpp
c:\users\yangl\documents\borui（博瑞时代）\3、通用代码\speedmonitor\speedmonitor\project\generatedfiles\release\moc_windowctrlwidget.cpp
c:\users\yangl\documents\borui（博瑞时代）\3、通用代码\speedmonitor\speedmonitor\project\generatedfiles\release\moc_networkmanager.cpp
c:\users\yangl\documents\borui（博瑞时代）\3、通用代码\speedmonitor\speedmonitor\project\generatedfiles\release\moc_toolwidget.cpp
c:\users\yangl\documents\borui（博瑞时代）\3、通用代码\speedmonitor\speedmonitor\project\generatedfiles\release\moc_trainmanagement.cpp
c:\users\yangl\documents\borui（博瑞时代）\3、通用代码\speedmonitor\speedmonitor\project\generatedfiles\ui_speedmonitor.h
c:\users\yangl\documents\borui（博瑞时代）\3、通用代码\speedmonitor\speedmonitor\project\generatedfiles\ui_toolwidget.h
c:\users\yangl\documents\borui（博瑞时代）\3、通用代码\speedmonitor\speedmonitor\project\generatedfiles\qrc_speedmonitor.cpp
c:\users\yangl\documents\borui（博瑞时代）\3、通用代码\speedmonitor\speedmonitor\project\generatedfiles\ui_windowctrlwidget.h
c:\users\yangl\documents\borui（博瑞时代）\3、通用代码\speedmonitor\speedmonitor\project\\..\bin\release\speedmonitor.exe
c:\users\yangl\documents\borui（博瑞时代）\3、通用代码\speedmonitor\speedmonitor\obj\release\speedmonitor.tlog\cl.command.1.tlog
c:\users\yangl\documents\borui（博瑞时代）\3、通用代码\speedmonitor\speedmonitor\obj\release\speedmonitor.tlog\cl.read.1.tlog
c:\users\yangl\documents\borui（博瑞时代）\3、通用代码\speedmonitor\speedmonitor\obj\release\speedmonitor.tlog\cl.write.1.tlog
c:\users\yangl\documents\borui（博瑞时代）\3、通用代码\speedmonitor\speedmonitor\obj\release\speedmonitor.tlog\link.command.1.tlog
c:\users\yangl\documents\borui（博瑞时代）\3、通用代码\speedmonitor\speedmonitor\obj\release\speedmonitor.tlog\link.read.1.tlog
c:\users\yangl\documents\borui（博瑞时代）\3、通用代码\speedmonitor\speedmonitor\obj\release\speedmonitor.tlog\link.write.1.tlog
c:\users\yangl\documents\borui（博瑞时代）\3、通用代码\speedmonitor\speedmonitor\obj\release\speedmonitor.tlog\qtmoc.read.1u.tlog
c:\users\yangl\documents\borui（博瑞时代）\3、通用代码\speedmonitor\speedmonitor\obj\release\speedmonitor.tlog\qtmoc.write.1u.tlog
c:\users\yangl\documents\borui（博瑞时代）\3、通用代码\speedmonitor\speedmonitor\obj\release\speedmonitor.tlog\qtrcc.read.1u.tlog
c:\users\yangl\documents\borui（博瑞时代）\3、通用代码\speedmonitor\speedmonitor\obj\release\speedmonitor.tlog\qtrcc.write.1u.tlog
c:\users\yangl\documents\borui（博瑞时代）\3、通用代码\speedmonitor\speedmonitor\obj\release\speedmonitor.tlog\qtuic.read.1u.tlog
c:\users\yangl\documents\borui（博瑞时代）\3、通用代码\speedmonitor\speedmonitor\obj\release\speedmonitor.tlog\qtuic.write.1u.tlog
c:\users\yangl\documents\borui（博瑞时代）\3、通用代码\speedmonitor\speedmonitor\obj\release\speedmonitor.tlog\rc.command.1.tlog
c:\users\yangl\documents\borui（博瑞时代）\3、通用代码\speedmonitor\speedmonitor\obj\release\speedmonitor.tlog\rc.read.1.tlog
c:\users\yangl\documents\borui（博瑞时代）\3、通用代码\speedmonitor\speedmonitor\obj\release\speedmonitor.tlog\rc.write.1.tlog
c:\users\yangl\documents\borui（博瑞时代）\3、通用代码\speedmonitor\speedmonitor\obj\release\speedmonitor.tlog\speedmonitor.write.1u.tlog
